2024/07/09 01:53:04 - mmengine - INFO - 
------------------------------------------------------------
System environment:
    sys.platform: linux
    Python: 3.8.18 (default, Sep 11 2023, 13:40:15) [GCC 11.2.0]
    CUDA available: True
    numpy_random_seed: 569408045
    GPU 0: NVIDIA GeForce RTX 3090
    CUDA_HOME: /usr
    NVCC: Cuda compilation tools, release 11.5, V11.5.119
    GCC: gcc (Ubuntu 11.4.0-1ubuntu1~22.04) 11.4.0
    PyTorch: 1.11.0+cu113
    PyTorch compiling details: PyTorch built with:
  - GCC 7.3
  - C++ Version: 201402
  - Intel(R) Math Kernel Library Version 2020.0.0 Product Build 20191122 for Intel(R) 64 architecture applications
  - Intel(R) MKL-DNN v2.5.2 (Git Hash a9302535553c73243c632ad3c4c80beec3d19a1e)
  - OpenMP 201511 (a.k.a. OpenMP 4.5)
  - LAPACK is enabled (usually provided by MKL)
  - NNPACK is enabled
  - CPU capability usage: AVX2
  - CUDA Runtime 11.3
  - NVCC architecture flags: -gencode;arch=compute_37,code=sm_37;-gencode;arch=compute_50,code=sm_50;-gencode;arch=compute_60,code=sm_60;-gencode;arch=compute_70,code=sm_70;-gencode;arch=compute_75,code=sm_75;-gencode;arch=compute_80,code=sm_80;-gencode;arch=compute_86,code=sm_86
  - CuDNN 8.2
  - Magma 2.5.2
  - Build settings: BLAS_INFO=mkl, BUILD_TYPE=Release, CUDA_VERSION=11.3, CUDNN_VERSION=8.2.0, CXX_COMPILER=/opt/rh/devtoolset-7/root/usr/bin/c++, CXX_FLAGS= -Wno-deprecated -fvisibility-inlines-hidden -DUSE_PTHREADPOOL -fopenmp -DNDEBUG -DUSE_KINETO -DUSE_FBGEMM -DUSE_QNNPACK -DUSE_PYTORCH_QNNPACK -DUSE_XNNPACK -DSYMBOLICATE_MOBILE_DEBUG_HANDLE -DEDGE_PROFILER_USE_KINETO -O2 -fPIC -Wno-narrowing -Wall -Wextra -Werror=return-type -Wno-missing-field-initializers -Wno-type-limits -Wno-array-bounds -Wno-unknown-pragmas -Wno-sign-compare -Wno-unused-parameter -Wno-unused-function -Wno-unused-result -Wno-unused-local-typedefs -Wno-strict-overflow -Wno-strict-aliasing -Wno-error=deprecated-declarations -Wno-stringop-overflow -Wno-psabi -Wno-error=pedantic -Wno-error=redundant-decls -Wno-error=old-style-cast -fdiagnostics-color=always -faligned-new -Wno-unused-but-set-variable -Wno-maybe-uninitialized -fno-math-errno -fno-trapping-math -Werror=format -Wno-stringop-overflow, LAPACK_INFO=mkl, PERF_WITH_AVX=1, PERF_WITH_AVX2=1, PERF_WITH_AVX512=1, TORCH_VERSION=1.11.0, USE_CUDA=ON, USE_CUDNN=ON, USE_EXCEPTION_PTR=1, USE_GFLAGS=OFF, USE_GLOG=OFF, USE_MKL=ON, USE_MKLDNN=OFF, USE_MPI=OFF, USE_NCCL=ON, USE_NNPACK=ON, USE_OPENMP=ON, USE_ROCM=OFF, 

    TorchVision: 0.12.0+cu113
    OpenCV: 4.10.0
    MMEngine: 0.8.5

Runtime environment:
    cudnn_benchmark: False
    mp_cfg: {'mp_start_method': 'fork', 'opencv_num_threads': 0}
    dist_cfg: {'backend': 'nccl'}
    seed: 569408045
    diff_rank_seed: False
    deterministic: False
    Distributed launcher: none
    Distributed training: False
    GPU number: 1
------------------------------------------------------------

2024/07/09 01:53:04 - mmengine - INFO - Config:
ann_file_test = 'data/video/Dashboard_val.txt'
ann_file_train = 'data/video/Dashboard_train.txt'
ann_file_val = 'data/video/Dashboard_val.txt'
data_root = 'data'
data_root_val = 'data'
dataset_type = 'VideoDataset'
default_hooks = dict(
    checkpoint=dict(
        interval=1, max_keep_ckpts=1, save_best='auto', type='CheckpointHook'),
    logger=dict(ignore_last=False, interval=20, type='LoggerHook'),
    param_scheduler=dict(type='ParamSchedulerHook'),
    runtime_info=dict(type='RuntimeInfoHook'),
    sampler_seed=dict(type='DistSamplerSeedHook'),
    sync_buffers=dict(type='SyncBuffersHook'),
    timer=dict(type='IterTimerHook'))
default_scope = 'mmaction'
env_cfg = dict(
    cudnn_benchmark=False,
    dist_cfg=dict(backend='nccl'),
    mp_cfg=dict(mp_start_method='fork', opencv_num_threads=0))
file_client_args = dict(io_backend='disk')
launcher = 'none'
load_from = 'https://download.openmmlab.com/mmaction/v1.0/recognition/slowfast/slowfast_r50_8xb8-8x8x1-256e_kinetics400-rgb/slowfast_r50_8xb8-8x8x1-256e_kinetics400-rgb_20220818-1cb6dfc8.pth'
log_level = 'INFO'
log_processor = dict(by_epoch=True, type='LogProcessor', window_size=20)
model = dict(
    backbone=dict(
        channel_ratio=8,
        fast_pathway=dict(
            base_channels=8,
            conv1_kernel=(
                5,
                7,
                7,
            ),
            conv1_stride_t=1,
            depth=50,
            lateral=False,
            norm_eval=False,
            pool1_stride_t=1,
            pretrained=None,
            type='resnet3d'),
        pretrained=None,
        resample_rate=8,
        slow_pathway=dict(
            conv1_kernel=(
                1,
                7,
                7,
            ),
            conv1_stride_t=1,
            depth=50,
            dilations=(
                1,
                1,
                1,
                1,
            ),
            inflate=(
                0,
                0,
                1,
                1,
            ),
            lateral=True,
            norm_eval=False,
            pool1_stride_t=1,
            pretrained=None,
            type='resnet3d'),
        speed_ratio=8,
        type='ResNet3dSlowFast'),
    cls_head=dict(
        average_clips='prob',
        dropout_ratio=0.5,
        in_channels=2304,
        num_classes=16,
        spatial_type='avg',
        type='SlowFastHead'),
    data_preprocessor=dict(
        format_shape='NCTHW',
        mean=[
            123.675,
            116.28,
            103.53,
        ],
        std=[
            58.395,
            57.12,
            57.375,
        ],
        type='ActionDataPreprocessor'),
    type='Recognizer3D')
optim_wrapper = dict(
    clip_grad=dict(max_norm=40, norm_type=2),
    optimizer=dict(lr=0.1, momentum=0.9, type='SGD', weight_decay=0.0001))
param_scheduler = [
    dict(
        begin=0,
        by_epoch=True,
        end=30,
        gamma=0.1,
        milestones=[
            4,
            8,
        ],
        type='MultiStepLR'),
]
randomness = dict(deterministic=False, diff_rank_seed=False, seed=None)
resume = False
test_cfg = dict(type='TestLoop')
test_dataloader = dict(
    batch_size=1,
    dataset=dict(
        ann_file='data/video/Dashboard_val.txt',
        data_prefix=dict(video='data'),
        pipeline=[
            dict(io_backend='disk', type='DecordInit'),
            dict(
                clip_len=32,
                frame_interval=2,
                num_clips=10,
                test_mode=True,
                type='SampleFrames'),
            dict(type='DecordDecode'),
            dict(scale=(
                -1,
                256,
            ), type='Resize'),
            dict(crop_size=256, type='ThreeCrop'),
            dict(input_format='NCTHW', type='FormatShape'),
            dict(type='PackActionInputs'),
        ],
        test_mode=True,
        type='VideoDataset'),
    num_workers=8,
    persistent_workers=True,
    sampler=dict(shuffle=False, type='DefaultSampler'))
test_evaluator = dict(type='AccMetric')
test_pipeline = [
    dict(io_backend='disk', type='DecordInit'),
    dict(
        clip_len=32,
        frame_interval=2,
        num_clips=10,
        test_mode=True,
        type='SampleFrames'),
    dict(type='DecordDecode'),
    dict(scale=(
        -1,
        256,
    ), type='Resize'),
    dict(crop_size=256, type='ThreeCrop'),
    dict(input_format='NCTHW', type='FormatShape'),
    dict(type='PackActionInputs'),
]
train_cfg = dict(max_epochs=30, type='EpochBasedTrainLoop', val_interval=1)
train_dataloader = dict(
    batch_size=12,
    dataset=dict(
        ann_file='data/video/Dashboard_train.txt',
        data_prefix=dict(video='data'),
        pipeline=[
            dict(io_backend='disk', type='DecordInit'),
            dict(
                clip_len=32,
                frame_interval=2,
                num_clips=1,
                type='SampleFrames'),
            dict(type='DecordDecode'),
            dict(scale=(
                -1,
                256,
            ), type='Resize'),
            dict(type='RandomResizedCrop'),
            dict(keep_ratio=False, scale=(
                224,
                224,
            ), type='Resize'),
            dict(flip_ratio=0.5, type='Flip'),
            dict(input_format='NCTHW', type='FormatShape'),
            dict(type='PackActionInputs'),
        ],
        type='VideoDataset'),
    num_workers=8,
    persistent_workers=True,
    sampler=dict(shuffle=True, type='DefaultSampler'))
train_pipeline = [
    dict(io_backend='disk', type='DecordInit'),
    dict(clip_len=32, frame_interval=2, num_clips=1, type='SampleFrames'),
    dict(type='DecordDecode'),
    dict(scale=(
        -1,
        256,
    ), type='Resize'),
    dict(type='RandomResizedCrop'),
    dict(keep_ratio=False, scale=(
        224,
        224,
    ), type='Resize'),
    dict(flip_ratio=0.5, type='Flip'),
    dict(input_format='NCTHW', type='FormatShape'),
    dict(type='PackActionInputs'),
]
val_cfg = dict(type='ValLoop')
val_dataloader = dict(
    batch_size=8,
    dataset=dict(
        ann_file='data/video/Dashboard_val.txt',
        data_prefix=dict(video='data'),
        pipeline=[
            dict(io_backend='disk', type='DecordInit'),
            dict(
                clip_len=32,
                frame_interval=2,
                num_clips=1,
                test_mode=True,
                type='SampleFrames'),
            dict(type='DecordDecode'),
            dict(scale=(
                -1,
                256,
            ), type='Resize'),
            dict(crop_size=224, type='CenterCrop'),
            dict(input_format='NCTHW', type='FormatShape'),
            dict(type='PackActionInputs'),
        ],
        test_mode=True,
        type='VideoDataset'),
    num_workers=8,
    persistent_workers=True,
    sampler=dict(shuffle=False, type='DefaultSampler'))
val_evaluator = dict(type='AccMetric')
val_pipeline = [
    dict(io_backend='disk', type='DecordInit'),
    dict(
        clip_len=32,
        frame_interval=2,
        num_clips=1,
        test_mode=True,
        type='SampleFrames'),
    dict(type='DecordDecode'),
    dict(scale=(
        -1,
        256,
    ), type='Resize'),
    dict(crop_size=224, type='CenterCrop'),
    dict(input_format='NCTHW', type='FormatShape'),
    dict(type='PackActionInputs'),
]
view = 'Dashboard'
vis_backends = [
    dict(type='LocalVisBackend'),
]
visualizer = dict(
    type='ActionVisualizer', vis_backends=[
        dict(type='LocalVisBackend'),
    ])
work_dir = 'models/c3d/Dashboard'

